00:44:40,870  INFO main Version:<clinit>:37 - HCANN000001: Hibernate Commons Annotations {4.0.1.Final}
00:44:40,877  INFO main Version:logVersion:41 - HHH000412: Hibernate Core {4.1.7.Final}
00:44:40,879  INFO main Environment:<clinit>:239 - HHH000206: hibernate.properties not found
00:44:40,880  INFO main Environment:buildBytecodeProvider:342 - HHH000021: Bytecode provider name : javassist
00:44:40,902  INFO main Configuration:configure:1933 - HHH000043: Configuring from resource: /hibernate.cfg.xml
00:44:40,902  INFO main Configuration:getConfigurationInputStream:1952 - HHH000040: Configuration resource: /hibernate.cfg.xml
00:44:40,941  WARN main DTDEntityResolver:resolveEntity:74 - HHH000223: Recognized obsolete hibernate namespace http://hibernate.sourceforge.net/. Use namespace http://www.hibernate.org/dtd/ instead. Refer to Hibernate 3.6 Migration Guide!
00:44:40,966  INFO main Configuration:doConfigure:2074 - HHH000041: Configured SessionFactory: null
00:44:41,114  INFO main DriverManagerConnectionProviderImpl:configure:96 - HHH000402: Using Hibernate built-in connection pool (not for production use!)
00:44:41,118  INFO main DriverManagerConnectionProviderImpl:configure:130 - HHH000115: Hibernate connection pool size: 20
00:44:41,119  INFO main DriverManagerConnectionProviderImpl:configure:133 - HHH000006: Autocommit mode: false
00:44:41,119  INFO main DriverManagerConnectionProviderImpl:configure:147 - HHH000401: using driver [com.mysql.jdbc.Driver] at URL [jdbc:mysql://localhost:3306/test_db]
00:44:41,120  INFO main DriverManagerConnectionProviderImpl:configure:152 - HHH000046: Connection properties: {user=root, password=****}
00:44:41,302  INFO main Dialect:<init>:125 - HHH000400: Using dialect: org.hibernate.dialect.MySQL5Dialect
00:44:41,323  INFO main TransactionFactoryInitiator:initiateService:68 - HHH000399: Using default transaction strategy (direct JDBC transactions)
00:44:41,328  INFO main ASTQueryTranslatorFactory:<init>:48 - HHH000397: Using ASTQueryTranslatorFactory
00:44:41,369  INFO main Version:<clinit>:30 - HV000001: Hibernate Validator 5.3.4.Final
00:44:41,779  INFO main SchemaExport:execute:343 - HHH000227: Running hbm2ddl schema export
00:44:41,789  INFO main SchemaExport:execute:405 - HHH000230: Schema export complete
10:38:19,036  INFO main Version:<clinit>:37 - HCANN000001: Hibernate Commons Annotations {4.0.1.Final}
10:38:19,044  INFO main Version:logVersion:41 - HHH000412: Hibernate Core {4.1.7.Final}
10:38:19,046  INFO main Environment:<clinit>:239 - HHH000206: hibernate.properties not found
10:38:19,048  INFO main Environment:buildBytecodeProvider:342 - HHH000021: Bytecode provider name : javassist
10:38:19,069  INFO main Configuration:configure:1933 - HHH000043: Configuring from resource: /hibernate.cfg.xml
10:38:19,069  INFO main Configuration:getConfigurationInputStream:1952 - HHH000040: Configuration resource: /hibernate.cfg.xml
10:38:19,107  WARN main DTDEntityResolver:resolveEntity:74 - HHH000223: Recognized obsolete hibernate namespace http://hibernate.sourceforge.net/. Use namespace http://www.hibernate.org/dtd/ instead. Refer to Hibernate 3.6 Migration Guide!
10:38:19,133  INFO main Configuration:doConfigure:2074 - HHH000041: Configured SessionFactory: null
10:38:19,296  INFO main DriverManagerConnectionProviderImpl:configure:96 - HHH000402: Using Hibernate built-in connection pool (not for production use!)
10:38:19,301  INFO main DriverManagerConnectionProviderImpl:configure:130 - HHH000115: Hibernate connection pool size: 20
10:38:19,301  INFO main DriverManagerConnectionProviderImpl:configure:133 - HHH000006: Autocommit mode: false
10:38:19,302  INFO main DriverManagerConnectionProviderImpl:configure:147 - HHH000401: using driver [com.mysql.jdbc.Driver] at URL [jdbc:mysql://localhost:3306/test_db]
10:38:19,302  INFO main DriverManagerConnectionProviderImpl:configure:152 - HHH000046: Connection properties: {user=root, password=****}
10:38:19,527  INFO main Dialect:<init>:125 - HHH000400: Using dialect: org.hibernate.dialect.MySQL5Dialect
10:38:19,545  INFO main TransactionFactoryInitiator:initiateService:68 - HHH000399: Using default transaction strategy (direct JDBC transactions)
10:38:19,550  INFO main ASTQueryTranslatorFactory:<init>:48 - HHH000397: Using ASTQueryTranslatorFactory
10:38:19,594  INFO main Version:<clinit>:30 - HV000001: Hibernate Validator 5.3.4.Final
10:39:30,228  INFO main Version:<clinit>:37 - HCANN000001: Hibernate Commons Annotations {4.0.1.Final}
10:39:30,235  INFO main Version:logVersion:41 - HHH000412: Hibernate Core {4.1.7.Final}
10:39:30,237  INFO main Environment:<clinit>:239 - HHH000206: hibernate.properties not found
10:39:30,240  INFO main Environment:buildBytecodeProvider:342 - HHH000021: Bytecode provider name : javassist
10:39:30,260  INFO main Configuration:configure:1933 - HHH000043: Configuring from resource: /hibernate.cfg.xml
10:39:30,260  INFO main Configuration:getConfigurationInputStream:1952 - HHH000040: Configuration resource: /hibernate.cfg.xml
10:39:30,295  WARN main DTDEntityResolver:resolveEntity:74 - HHH000223: Recognized obsolete hibernate namespace http://hibernate.sourceforge.net/. Use namespace http://www.hibernate.org/dtd/ instead. Refer to Hibernate 3.6 Migration Guide!
10:39:30,319  INFO main Configuration:doConfigure:2074 - HHH000041: Configured SessionFactory: null
10:39:30,471  INFO main DriverManagerConnectionProviderImpl:configure:96 - HHH000402: Using Hibernate built-in connection pool (not for production use!)
10:39:30,475  INFO main DriverManagerConnectionProviderImpl:configure:130 - HHH000115: Hibernate connection pool size: 20
10:39:30,476  INFO main DriverManagerConnectionProviderImpl:configure:133 - HHH000006: Autocommit mode: false
10:39:30,476  INFO main DriverManagerConnectionProviderImpl:configure:147 - HHH000401: using driver [com.mysql.jdbc.Driver] at URL [jdbc:mysql://localhost:3306/test_db]
10:39:30,477  INFO main DriverManagerConnectionProviderImpl:configure:152 - HHH000046: Connection properties: {user=root, password=****}
10:39:30,657  INFO main Dialect:<init>:125 - HHH000400: Using dialect: org.hibernate.dialect.MySQL5Dialect
10:39:30,678  INFO main TransactionFactoryInitiator:initiateService:68 - HHH000399: Using default transaction strategy (direct JDBC transactions)
10:39:30,684  INFO main ASTQueryTranslatorFactory:<init>:48 - HHH000397: Using ASTQueryTranslatorFactory
10:39:30,733  INFO main Version:<clinit>:30 - HV000001: Hibernate Validator 5.3.4.Final
10:41:30,638  INFO main Version:<clinit>:37 - HCANN000001: Hibernate Commons Annotations {4.0.1.Final}
10:41:30,647  INFO main Version:logVersion:41 - HHH000412: Hibernate Core {4.1.7.Final}
10:41:30,649  INFO main Environment:<clinit>:239 - HHH000206: hibernate.properties not found
10:41:30,651  INFO main Environment:buildBytecodeProvider:342 - HHH000021: Bytecode provider name : javassist
10:41:30,668  INFO main Configuration:configure:1933 - HHH000043: Configuring from resource: /hibernate.cfg.xml
10:41:30,668  INFO main Configuration:getConfigurationInputStream:1952 - HHH000040: Configuration resource: /hibernate.cfg.xml
10:41:30,704  WARN main DTDEntityResolver:resolveEntity:74 - HHH000223: Recognized obsolete hibernate namespace http://hibernate.sourceforge.net/. Use namespace http://www.hibernate.org/dtd/ instead. Refer to Hibernate 3.6 Migration Guide!
10:41:30,727  INFO main Configuration:doConfigure:2074 - HHH000041: Configured SessionFactory: null
10:41:30,876  INFO main DriverManagerConnectionProviderImpl:configure:96 - HHH000402: Using Hibernate built-in connection pool (not for production use!)
10:41:30,880  INFO main DriverManagerConnectionProviderImpl:configure:130 - HHH000115: Hibernate connection pool size: 20
10:41:30,881  INFO main DriverManagerConnectionProviderImpl:configure:133 - HHH000006: Autocommit mode: false
10:41:30,881  INFO main DriverManagerConnectionProviderImpl:configure:147 - HHH000401: using driver [com.mysql.jdbc.Driver] at URL [jdbc:mysql://localhost:3306/test_db]
10:41:30,882  INFO main DriverManagerConnectionProviderImpl:configure:152 - HHH000046: Connection properties: {user=root, password=****}
10:41:31,058  INFO main Dialect:<init>:125 - HHH000400: Using dialect: org.hibernate.dialect.MySQL5Dialect
10:41:31,075  INFO main TransactionFactoryInitiator:initiateService:68 - HHH000399: Using default transaction strategy (direct JDBC transactions)
10:41:31,079  INFO main ASTQueryTranslatorFactory:<init>:48 - HHH000397: Using ASTQueryTranslatorFactory
10:41:31,123  INFO main Version:<clinit>:30 - HV000001: Hibernate Validator 5.3.4.Final
10:41:31,523  INFO main SchemaExport:execute:343 - HHH000227: Running hbm2ddl schema export
10:41:31,538  INFO main SchemaExport:execute:405 - HHH000230: Schema export complete
10:42:44,637  INFO main Version:<clinit>:37 - HCANN000001: Hibernate Commons Annotations {4.0.1.Final}
10:42:44,646  INFO main Version:logVersion:41 - HHH000412: Hibernate Core {4.1.7.Final}
10:42:44,648  INFO main Environment:<clinit>:239 - HHH000206: hibernate.properties not found
10:42:44,649  INFO main Environment:buildBytecodeProvider:342 - HHH000021: Bytecode provider name : javassist
10:42:44,666  INFO main Configuration:configure:1933 - HHH000043: Configuring from resource: /hibernate.cfg.xml
10:42:44,666  INFO main Configuration:getConfigurationInputStream:1952 - HHH000040: Configuration resource: /hibernate.cfg.xml
10:42:44,702  WARN main DTDEntityResolver:resolveEntity:74 - HHH000223: Recognized obsolete hibernate namespace http://hibernate.sourceforge.net/. Use namespace http://www.hibernate.org/dtd/ instead. Refer to Hibernate 3.6 Migration Guide!
10:42:44,726  INFO main Configuration:doConfigure:2074 - HHH000041: Configured SessionFactory: null
10:42:44,878  INFO main DriverManagerConnectionProviderImpl:configure:96 - HHH000402: Using Hibernate built-in connection pool (not for production use!)
10:42:44,882  INFO main DriverManagerConnectionProviderImpl:configure:130 - HHH000115: Hibernate connection pool size: 20
10:42:44,882  INFO main DriverManagerConnectionProviderImpl:configure:133 - HHH000006: Autocommit mode: false
10:42:44,882  INFO main DriverManagerConnectionProviderImpl:configure:147 - HHH000401: using driver [com.mysql.jdbc.Driver] at URL [jdbc:mysql://localhost:3306/test_db]
10:42:44,883  INFO main DriverManagerConnectionProviderImpl:configure:152 - HHH000046: Connection properties: {user=root, password=****}
10:42:45,076  INFO main Dialect:<init>:125 - HHH000400: Using dialect: org.hibernate.dialect.MySQL5Dialect
10:42:45,100  INFO main TransactionFactoryInitiator:initiateService:68 - HHH000399: Using default transaction strategy (direct JDBC transactions)
10:42:45,106  INFO main ASTQueryTranslatorFactory:<init>:48 - HHH000397: Using ASTQueryTranslatorFactory
10:42:45,155  INFO main Version:<clinit>:30 - HV000001: Hibernate Validator 5.3.4.Final
13:23:49,066  INFO main Version:<clinit>:37 - HCANN000001: Hibernate Commons Annotations {4.0.1.Final}
13:23:49,077  INFO main Version:logVersion:41 - HHH000412: Hibernate Core {4.1.7.Final}
13:23:49,080  INFO main Environment:<clinit>:239 - HHH000206: hibernate.properties not found
13:23:49,083  INFO main Environment:buildBytecodeProvider:342 - HHH000021: Bytecode provider name : javassist
13:23:49,108  INFO main Configuration:configure:1933 - HHH000043: Configuring from resource: /hibernate.cfg.xml
13:23:49,109  INFO main Configuration:getConfigurationInputStream:1952 - HHH000040: Configuration resource: /hibernate.cfg.xml
13:23:49,154  WARN main DTDEntityResolver:resolveEntity:74 - HHH000223: Recognized obsolete hibernate namespace http://hibernate.sourceforge.net/. Use namespace http://www.hibernate.org/dtd/ instead. Refer to Hibernate 3.6 Migration Guide!
13:23:49,182  INFO main Configuration:doConfigure:2074 - HHH000041: Configured SessionFactory: null
13:23:49,338  INFO main DriverManagerConnectionProviderImpl:configure:96 - HHH000402: Using Hibernate built-in connection pool (not for production use!)
13:23:49,343  INFO main DriverManagerConnectionProviderImpl:configure:130 - HHH000115: Hibernate connection pool size: 20
13:23:49,343  INFO main DriverManagerConnectionProviderImpl:configure:133 - HHH000006: Autocommit mode: false
13:23:49,343  INFO main DriverManagerConnectionProviderImpl:configure:147 - HHH000401: using driver [com.mysql.jdbc.Driver] at URL [jdbc:mysql://localhost:3306/test_db]
13:23:49,344  INFO main DriverManagerConnectionProviderImpl:configure:152 - HHH000046: Connection properties: {user=root, password=****}
13:23:49,539  INFO main Dialect:<init>:125 - HHH000400: Using dialect: org.hibernate.dialect.MySQL5Dialect
13:23:49,564  INFO main TransactionFactoryInitiator:initiateService:68 - HHH000399: Using default transaction strategy (direct JDBC transactions)
13:23:49,569  INFO main ASTQueryTranslatorFactory:<init>:48 - HHH000397: Using ASTQueryTranslatorFactory
13:23:49,623  INFO main Version:<clinit>:30 - HV000001: Hibernate Validator 5.3.4.Final
13:23:50,008  INFO main SchemaExport:execute:343 - HHH000227: Running hbm2ddl schema export
13:23:50,019  INFO main SchemaExport:execute:405 - HHH000230: Schema export complete
15:59:06,861  INFO main Version:<clinit>:37 - HCANN000001: Hibernate Commons Annotations {4.0.1.Final}
15:59:06,868  INFO main Version:logVersion:41 - HHH000412: Hibernate Core {4.1.7.Final}
15:59:06,870  INFO main Environment:<clinit>:239 - HHH000206: hibernate.properties not found
15:59:06,871  INFO main Environment:buildBytecodeProvider:342 - HHH000021: Bytecode provider name : javassist
15:59:06,888  INFO main Configuration:configure:1933 - HHH000043: Configuring from resource: /hibernate.cfg.xml
15:59:06,888  INFO main Configuration:getConfigurationInputStream:1952 - HHH000040: Configuration resource: /hibernate.cfg.xml
15:59:06,926  WARN main DTDEntityResolver:resolveEntity:74 - HHH000223: Recognized obsolete hibernate namespace http://hibernate.sourceforge.net/. Use namespace http://www.hibernate.org/dtd/ instead. Refer to Hibernate 3.6 Migration Guide!
15:59:06,952  INFO main Configuration:doConfigure:2074 - HHH000041: Configured SessionFactory: null
15:59:07,095  INFO main DriverManagerConnectionProviderImpl:configure:96 - HHH000402: Using Hibernate built-in connection pool (not for production use!)
15:59:07,099  INFO main DriverManagerConnectionProviderImpl:configure:130 - HHH000115: Hibernate connection pool size: 20
15:59:07,100  INFO main DriverManagerConnectionProviderImpl:configure:133 - HHH000006: Autocommit mode: false
15:59:07,100  INFO main DriverManagerConnectionProviderImpl:configure:147 - HHH000401: using driver [com.mysql.jdbc.Driver] at URL [jdbc:mysql://localhost:3306/test_db]
15:59:07,100  INFO main DriverManagerConnectionProviderImpl:configure:152 - HHH000046: Connection properties: {user=root, password=****}
15:59:07,282  INFO main Dialect:<init>:125 - HHH000400: Using dialect: org.hibernate.dialect.MySQL5Dialect
15:59:07,301  INFO main TransactionFactoryInitiator:initiateService:68 - HHH000399: Using default transaction strategy (direct JDBC transactions)
15:59:07,305  INFO main ASTQueryTranslatorFactory:<init>:48 - HHH000397: Using ASTQueryTranslatorFactory
15:59:07,347  INFO main Version:<clinit>:30 - HV000001: Hibernate Validator 5.3.4.Final
16:01:32,879  INFO main Version:<clinit>:37 - HCANN000001: Hibernate Commons Annotations {4.0.1.Final}
16:01:32,888  INFO main Version:logVersion:41 - HHH000412: Hibernate Core {4.1.7.Final}
16:01:32,890  INFO main Environment:<clinit>:239 - HHH000206: hibernate.properties not found
16:01:32,893  INFO main Environment:buildBytecodeProvider:342 - HHH000021: Bytecode provider name : javassist
16:01:32,910  INFO main Configuration:configure:1933 - HHH000043: Configuring from resource: /hibernate.cfg.xml
16:01:32,910  INFO main Configuration:getConfigurationInputStream:1952 - HHH000040: Configuration resource: /hibernate.cfg.xml
16:01:32,945  WARN main DTDEntityResolver:resolveEntity:74 - HHH000223: Recognized obsolete hibernate namespace http://hibernate.sourceforge.net/. Use namespace http://www.hibernate.org/dtd/ instead. Refer to Hibernate 3.6 Migration Guide!
16:01:32,972  INFO main Configuration:doConfigure:2074 - HHH000041: Configured SessionFactory: null
16:01:33,122  INFO main DriverManagerConnectionProviderImpl:configure:96 - HHH000402: Using Hibernate built-in connection pool (not for production use!)
16:01:33,126  INFO main DriverManagerConnectionProviderImpl:configure:130 - HHH000115: Hibernate connection pool size: 20
16:01:33,126  INFO main DriverManagerConnectionProviderImpl:configure:133 - HHH000006: Autocommit mode: false
16:01:33,127  INFO main DriverManagerConnectionProviderImpl:configure:147 - HHH000401: using driver [com.mysql.jdbc.Driver] at URL [jdbc:mysql://localhost:3306/test_db]
16:01:33,127  INFO main DriverManagerConnectionProviderImpl:configure:152 - HHH000046: Connection properties: {user=root, password=****}
16:01:33,322  INFO main Dialect:<init>:125 - HHH000400: Using dialect: org.hibernate.dialect.MySQL5Dialect
16:01:33,347  INFO main TransactionFactoryInitiator:initiateService:68 - HHH000399: Using default transaction strategy (direct JDBC transactions)
16:01:33,351  INFO main ASTQueryTranslatorFactory:<init>:48 - HHH000397: Using ASTQueryTranslatorFactory
16:01:33,397  INFO main Version:<clinit>:30 - HV000001: Hibernate Validator 5.3.4.Final
17:39:09,981  INFO main Version:<clinit>:37 - HCANN000001: Hibernate Commons Annotations {4.0.1.Final}
17:39:09,990  INFO main Version:logVersion:41 - HHH000412: Hibernate Core {4.1.7.Final}
17:39:09,993  INFO main Environment:<clinit>:239 - HHH000206: hibernate.properties not found
17:39:09,995  INFO main Environment:buildBytecodeProvider:342 - HHH000021: Bytecode provider name : javassist
17:39:10,015  INFO main Configuration:configure:1933 - HHH000043: Configuring from resource: /hibernate.cfg.xml
17:39:10,015  INFO main Configuration:getConfigurationInputStream:1952 - HHH000040: Configuration resource: /hibernate.cfg.xml
17:39:10,053  WARN main DTDEntityResolver:resolveEntity:74 - HHH000223: Recognized obsolete hibernate namespace http://hibernate.sourceforge.net/. Use namespace http://www.hibernate.org/dtd/ instead. Refer to Hibernate 3.6 Migration Guide!
17:39:10,078  INFO main Configuration:doConfigure:2074 - HHH000041: Configured SessionFactory: null
17:39:10,239  INFO main DriverManagerConnectionProviderImpl:configure:96 - HHH000402: Using Hibernate built-in connection pool (not for production use!)
17:39:10,244  INFO main DriverManagerConnectionProviderImpl:configure:130 - HHH000115: Hibernate connection pool size: 20
17:39:10,244  INFO main DriverManagerConnectionProviderImpl:configure:133 - HHH000006: Autocommit mode: false
17:39:10,245  INFO main DriverManagerConnectionProviderImpl:configure:147 - HHH000401: using driver [com.mysql.jdbc.Driver] at URL [jdbc:mysql://localhost:3306/test_db]
17:39:10,245  INFO main DriverManagerConnectionProviderImpl:configure:152 - HHH000046: Connection properties: {user=root, password=****}
17:39:10,460  INFO main Dialect:<init>:125 - HHH000400: Using dialect: org.hibernate.dialect.MySQL5Dialect
17:39:10,477  INFO main TransactionFactoryInitiator:initiateService:68 - HHH000399: Using default transaction strategy (direct JDBC transactions)
17:39:10,481  INFO main ASTQueryTranslatorFactory:<init>:48 - HHH000397: Using ASTQueryTranslatorFactory
17:39:10,527  INFO main Version:<clinit>:30 - HV000001: Hibernate Validator 5.3.4.Final
22:19:35,527  INFO main Version:<clinit>:37 - HCANN000001: Hibernate Commons Annotations {4.0.1.Final}
22:19:35,536  INFO main Version:logVersion:41 - HHH000412: Hibernate Core {4.1.7.Final}
22:19:35,538  INFO main Environment:<clinit>:239 - HHH000206: hibernate.properties not found
22:19:35,541  INFO main Environment:buildBytecodeProvider:342 - HHH000021: Bytecode provider name : javassist
22:19:35,563  INFO main Configuration:configure:1933 - HHH000043: Configuring from resource: /hibernate.cfg.xml
22:19:35,563  INFO main Configuration:getConfigurationInputStream:1952 - HHH000040: Configuration resource: /hibernate.cfg.xml
22:19:35,600  WARN main DTDEntityResolver:resolveEntity:74 - HHH000223: Recognized obsolete hibernate namespace http://hibernate.sourceforge.net/. Use namespace http://www.hibernate.org/dtd/ instead. Refer to Hibernate 3.6 Migration Guide!
22:19:35,625  INFO main Configuration:doConfigure:2074 - HHH000041: Configured SessionFactory: null
22:19:35,772  INFO main DriverManagerConnectionProviderImpl:configure:96 - HHH000402: Using Hibernate built-in connection pool (not for production use!)
22:19:35,776  INFO main DriverManagerConnectionProviderImpl:configure:130 - HHH000115: Hibernate connection pool size: 20
22:19:35,776  INFO main DriverManagerConnectionProviderImpl:configure:133 - HHH000006: Autocommit mode: false
22:19:35,777  INFO main DriverManagerConnectionProviderImpl:configure:147 - HHH000401: using driver [com.mysql.jdbc.Driver] at URL [jdbc:mysql://localhost:3306/test_db]
22:19:35,777  INFO main DriverManagerConnectionProviderImpl:configure:152 - HHH000046: Connection properties: {user=root, password=****}
22:19:35,959  INFO main Dialect:<init>:125 - HHH000400: Using dialect: org.hibernate.dialect.MySQL5Dialect
22:19:35,983  INFO main TransactionFactoryInitiator:initiateService:68 - HHH000399: Using default transaction strategy (direct JDBC transactions)
22:19:35,990  INFO main ASTQueryTranslatorFactory:<init>:48 - HHH000397: Using ASTQueryTranslatorFactory
22:19:36,045  INFO main Version:<clinit>:30 - HV000001: Hibernate Validator 5.3.4.Final
22:19:36,447  INFO main MonitorDAO:createMonitor:25 - create Price: 500
22:19:36,715  WARN main SqlExceptionHelper:logExceptions:143 - SQL Error: 1054, SQLState: 42S22
22:19:36,715 ERROR main SqlExceptionHelper:logExceptions:144 - Unknown column 'id_price' in 'field list'
22:19:36,718  WARN main DAO:rollback:61 - Cannot close
org.hibernate.SessionException: Session was already closed
	at org.hibernate.internal.SessionImpl.close(SessionImpl.java:339)
	at sun.reflect.NativeMethodAccessorImpl.invoke0(Native Method)
	at sun.reflect.NativeMethodAccessorImpl.invoke(NativeMethodAccessorImpl.java:57)
	at sun.reflect.DelegatingMethodAccessorImpl.invoke(DelegatingMethodAccessorImpl.java:43)
	at java.lang.reflect.Method.invoke(Method.java:606)
	at org.hibernate.context.internal.ThreadLocalSessionContext$TransactionProtectionWrapper.invoke(ThreadLocalSessionContext.java:352)
	at com.sun.proxy.$Proxy38.close(Unknown Source)
	at ru.ilia.rest.model.dao.DAO.rollback(DAO.java:59)
	at ru.ilia.rest.model.dao.MonitorDAO.createMonitor(MonitorDAO.java:35)
	at ru.ilia.rest.test.Client.main(Client.java:13)
	at sun.reflect.NativeMethodAccessorImpl.invoke0(Native Method)
	at sun.reflect.NativeMethodAccessorImpl.invoke(NativeMethodAccessorImpl.java:57)
	at sun.reflect.DelegatingMethodAccessorImpl.invoke(DelegatingMethodAccessorImpl.java:43)
	at java.lang.reflect.Method.invoke(Method.java:606)
	at com.intellij.rt.execution.application.AppMain.main(AppMain.java:144)
22:19:36,719 ERROR main MonitorDAO:createMonitor:36 - Unknown column 'id_price' in 'field list'
22:19:54,585  INFO main Version:<clinit>:37 - HCANN000001: Hibernate Commons Annotations {4.0.1.Final}
22:19:54,597  INFO main Version:logVersion:41 - HHH000412: Hibernate Core {4.1.7.Final}
22:19:54,599  INFO main Environment:<clinit>:239 - HHH000206: hibernate.properties not found
22:19:54,600  INFO main Environment:buildBytecodeProvider:342 - HHH000021: Bytecode provider name : javassist
22:19:54,619  INFO main Configuration:configure:1933 - HHH000043: Configuring from resource: /hibernate.cfg.xml
22:19:54,620  INFO main Configuration:getConfigurationInputStream:1952 - HHH000040: Configuration resource: /hibernate.cfg.xml
22:19:54,657  WARN main DTDEntityResolver:resolveEntity:74 - HHH000223: Recognized obsolete hibernate namespace http://hibernate.sourceforge.net/. Use namespace http://www.hibernate.org/dtd/ instead. Refer to Hibernate 3.6 Migration Guide!
22:19:54,681  INFO main Configuration:doConfigure:2074 - HHH000041: Configured SessionFactory: null
22:19:54,834  INFO main DriverManagerConnectionProviderImpl:configure:96 - HHH000402: Using Hibernate built-in connection pool (not for production use!)
22:19:54,838  INFO main DriverManagerConnectionProviderImpl:configure:130 - HHH000115: Hibernate connection pool size: 20
22:19:54,838  INFO main DriverManagerConnectionProviderImpl:configure:133 - HHH000006: Autocommit mode: false
22:19:54,839  INFO main DriverManagerConnectionProviderImpl:configure:147 - HHH000401: using driver [com.mysql.jdbc.Driver] at URL [jdbc:mysql://localhost:3306/test_db]
22:19:54,839  INFO main DriverManagerConnectionProviderImpl:configure:152 - HHH000046: Connection properties: {user=root, password=****}
22:19:55,027  INFO main Dialect:<init>:125 - HHH000400: Using dialect: org.hibernate.dialect.MySQL5Dialect
22:19:55,047  INFO main TransactionFactoryInitiator:initiateService:68 - HHH000399: Using default transaction strategy (direct JDBC transactions)
22:19:55,050  INFO main ASTQueryTranslatorFactory:<init>:48 - HHH000397: Using ASTQueryTranslatorFactory
22:19:55,099  INFO main Version:<clinit>:30 - HV000001: Hibernate Validator 5.3.4.Final
22:19:55,486  INFO main SchemaExport:execute:343 - HHH000227: Running hbm2ddl schema export
22:19:55,498  INFO main SchemaExport:execute:405 - HHH000230: Schema export complete
22:19:55,506  INFO main MonitorDAO:createMonitor:25 - create Price: 500
22:19:55,789  INFO main MonitorDAO:createMonitor:25 - create Price: 501
22:19:55,795  INFO main MonitorDAO:createMonitor:25 - create Price: 502
22:19:55,801  INFO main MonitorDAO:createMonitor:25 - create Price: 503
22:19:55,807  INFO main MonitorDAO:createMonitor:25 - create Price: 504
22:19:55,813  INFO main MonitorDAO:createMonitor:25 - create Price: 505
22:19:55,818  INFO main MonitorDAO:createMonitor:25 - create Price: 506
22:19:55,824  INFO main MonitorDAO:createMonitor:25 - create Price: 507
22:19:55,830  INFO main MonitorDAO:createMonitor:25 - create Price: 508
22:19:55,835  INFO main MonitorDAO:createMonitor:25 - create Price: 509
22:19:55,840  INFO main MonitorDAO:createMonitor:25 - create Price: 510
22:19:55,846  INFO main MonitorDAO:createMonitor:25 - create Price: 511
22:19:55,852  INFO main MonitorDAO:createMonitor:25 - create Price: 512
22:19:55,859  INFO main MonitorDAO:createMonitor:25 - create Price: 513
22:19:55,865  INFO main MonitorDAO:createMonitor:25 - create Price: 514
22:19:55,870  INFO main MonitorDAO:createMonitor:25 - create Price: 515
22:19:55,882  INFO main MonitorDAO:createMonitor:25 - create Price: 516
22:19:55,889  INFO main MonitorDAO:createMonitor:25 - create Price: 517
22:19:55,895  INFO main MonitorDAO:createMonitor:25 - create Price: 518
22:19:55,900  INFO main MonitorDAO:createMonitor:25 - create Price: 519
22:19:55,905  INFO main MonitorDAO:createMonitor:25 - create Price: 520
22:19:55,911  INFO main MonitorDAO:createMonitor:25 - create Price: 521
22:19:55,916  INFO main MonitorDAO:createMonitor:25 - create Price: 522
22:19:55,921  INFO main MonitorDAO:createMonitor:25 - create Price: 523
22:19:55,926  INFO main MonitorDAO:createMonitor:25 - create Price: 524
